<?xml version="1.0" encoding="UTF-8"?>
<testng-results ignored="0" total="4" passed="4" failed="0" skipped="0">
  <reporter-output>
  </reporter-output>
  <suite started-at="2022-11-22T09:52:58 IST" name="Suite" finished-at="2022-11-22T09:55:51 IST" duration-ms="172359">
    <groups>
    </groups>
    <test started-at="2022-11-22T09:52:58 IST" name="Test" finished-at="2022-11-22T09:55:51 IST" duration-ms="172359">
      <class name="com.voting.testCases.TC_003">
        <test-method is-config="true" signature="setUp()[pri:0, instance:com.voting.testCases.TC_003@2ea41516]" started-at="2022-11-22T09:53:43 IST" name="setUp" finished-at="2022-11-22T09:53:48 IST" duration-ms="5442" status="PASS">
          <reporter-output>
          </reporter-output>
        </test-method> <!-- setUp -->
        <test-method signature="test()[pri:0, instance:com.voting.testCases.TC_003@2ea41516]" started-at="2022-11-22T09:53:48 IST" name="test" finished-at="2022-11-22T09:54:25 IST" duration-ms="36691" status="PASS">
          <reporter-output>
          </reporter-output>
        </test-method> <!-- test -->
        <test-method is-config="true" signature="tearDown()[pri:0, instance:com.voting.testCases.TC_003@2ea41516]" started-at="2022-11-22T09:54:25 IST" name="tearDown" finished-at="2022-11-22T09:54:26 IST" duration-ms="1410" status="PASS">
          <reporter-output>
          </reporter-output>
        </test-method> <!-- tearDown -->
      </class> <!-- com.voting.testCases.TC_003 -->
      <class name="com.voting.testCases.TC_004">
        <test-method is-config="true" signature="setUp()[pri:0, instance:com.voting.testCases.TC_004@3a44431a]" started-at="2022-11-22T09:54:26 IST" name="setUp" finished-at="2022-11-22T09:54:31 IST" duration-ms="5289" status="PASS">
          <reporter-output>
          </reporter-output>
        </test-method> <!-- setUp -->
        <test-method signature="test()[pri:0, instance:com.voting.testCases.TC_004@3a44431a]" started-at="2022-11-22T09:54:31 IST" name="test" finished-at="2022-11-22T09:55:06 IST" duration-ms="34167" status="PASS">
          <reporter-output>
          </reporter-output>
        </test-method> <!-- test -->
        <test-method is-config="true" signature="tearDown()[pri:0, instance:com.voting.testCases.TC_004@3a44431a]" started-at="2022-11-22T09:55:06 IST" name="tearDown" finished-at="2022-11-22T09:55:07 IST" duration-ms="1361" status="PASS">
          <reporter-output>
          </reporter-output>
        </test-method> <!-- tearDown -->
      </class> <!-- com.voting.testCases.TC_004 -->
      <class name="com.voting.testCases.TC_002">
        <test-method is-config="true" signature="setUp()[pri:0, instance:com.voting.testCases.TC_002@5a56cdac]" started-at="2022-11-22T09:52:58 IST" name="setUp" finished-at="2022-11-22T09:53:07 IST" duration-ms="8313" status="PASS">
          <reporter-output>
          </reporter-output>
        </test-method> <!-- setUp -->
        <test-method signature="test()[pri:0, instance:com.voting.testCases.TC_002@5a56cdac]" started-at="2022-11-22T09:53:07 IST" name="test" finished-at="2022-11-22T09:53:41 IST" duration-ms="34223" status="PASS">
          <reporter-output>
          </reporter-output>
        </test-method> <!-- test -->
        <test-method is-config="true" signature="tearDown()[pri:0, instance:com.voting.testCases.TC_002@5a56cdac]" started-at="2022-11-22T09:53:41 IST" name="tearDown" finished-at="2022-11-22T09:53:43 IST" duration-ms="1627" status="PASS">
          <reporter-output>
          </reporter-output>
        </test-method> <!-- tearDown -->
      </class> <!-- com.voting.testCases.TC_002 -->
      <class name="com.voting.testCases.TC_005">
        <test-method is-config="true" signature="setUp()[pri:0, instance:com.voting.testCases.TC_005@3c7f66c4]" started-at="2022-11-22T09:55:07 IST" name="setUp" finished-at="2022-11-22T09:55:13 IST" duration-ms="5569" status="PASS">
          <reporter-output>
          </reporter-output>
        </test-method> <!-- setUp -->
        <test-method signature="test()[pri:0, instance:com.voting.testCases.TC_005@3c7f66c4]" started-at="2022-11-22T09:55:13 IST" name="test" finished-at="2022-11-22T09:55:49 IST" duration-ms="36716" status="PASS">
          <reporter-output>
          </reporter-output>
        </test-method> <!-- test -->
        <test-method is-config="true" signature="tearDown()[pri:0, instance:com.voting.testCases.TC_005@3c7f66c4]" started-at="2022-11-22T09:55:49 IST" name="tearDown" finished-at="2022-11-22T09:55:51 IST" duration-ms="1426" status="PASS">
          <reporter-output>
          </reporter-output>
        </test-method> <!-- tearDown -->
      </class> <!-- com.voting.testCases.TC_005 -->
    </test> <!-- Test -->
  </suite> <!-- Suite -->
</testng-results>
