<?xml version="1.0" encoding="UTF-8"?>
<testng-results ignored="0" total="1" passed="1" failed="0" skipped="0">
  <reporter-output>
  </reporter-output>
  <suite started-at="2022-11-22T18:16:25 IST" name="Default suite" finished-at="2022-11-22T18:17:17 IST" duration-ms="51801">
    <groups>
    </groups>
    <test started-at="2022-11-22T18:16:25 IST" name="Default test" finished-at="2022-11-22T18:17:17 IST" duration-ms="51801">
      <class name="com.voting.testCases.TC_011">
        <test-method is-config="true" signature="setUp()[pri:0, instance:com.voting.testCases.TC_011@52af26ee]" started-at="2022-11-22T18:16:25 IST" name="setUp" finished-at="2022-11-22T18:16:33 IST" duration-ms="7433" status="PASS">
          <reporter-output>
          </reporter-output>
        </test-method> <!-- setUp -->
        <test-method signature="test()[pri:0, instance:com.voting.testCases.TC_011@52af26ee]" started-at="2022-11-22T18:16:33 IST" name="test" finished-at="2022-11-22T18:17:15 IST" duration-ms="42837" status="PASS">
          <reporter-output>
          </reporter-output>
        </test-method> <!-- test -->
        <test-method is-config="true" signature="tearDown()[pri:0, instance:com.voting.testCases.TC_011@52af26ee]" started-at="2022-11-22T18:17:15 IST" name="tearDown" finished-at="2022-11-22T18:17:17 IST" duration-ms="1409" status="PASS">
          <reporter-output>
          </reporter-output>
        </test-method> <!-- tearDown -->
      </class> <!-- com.voting.testCases.TC_011 -->
    </test> <!-- Default test -->
  </suite> <!-- Default suite -->
</testng-results>
