<?xml version="1.0" encoding="UTF-8"?>
<!-- Generated by org.testng.reporters.JUnitXMLReporter -->
<testsuite ignored="0" hostname="ET3ETSLP6148" failures="0" tests="4" name="Test" time="172.359" errors="0" timestamp="2022-11-22T09:55:51 IST">
  <testcase classname="com.voting.testCases.TC_002" name="test" time="34.223"/>
  <testcase classname="com.voting.testCases.TC_003" name="test" time="36.691"/>
  <testcase classname="com.voting.testCases.TC_004" name="test" time="34.167"/>
  <testcase classname="com.voting.testCases.TC_005" name="test" time="36.716"/>
</testsuite> <!-- Test -->
